Now we build the model
Now we build the model
Successfully loaded: saved_networks/Pong-v0/Pong-v0-300000
EPISODE:      1 / TIMESTEP:     1439 / DURATION:  1440 / EPSILON: 1.00000 / TOTAL_REWARD: -21 / AVG_MAX_Q: 0.1246 / AVG_LOSS: 0.00000 / MODE: random
EPISODE:      2 / TIMESTEP:     2557 / DURATION:  1118 / EPSILON: 1.00000 / TOTAL_REWARD: -21 / AVG_MAX_Q: 0.1073 / AVG_LOSS: 0.00000 / MODE: random
EPISODE:      3 / TIMESTEP:     3707 / DURATION:  1150 / EPSILON: 1.00000 / TOTAL_REWARD: -21 / AVG_MAX_Q: 0.0745 / AVG_LOSS: 0.00000 / MODE: random
EPISODE:      4 / TIMESTEP:     4806 / DURATION:  1099 / EPSILON: 1.00000 / TOTAL_REWARD: -21 / AVG_MAX_Q: 0.0578 / AVG_LOSS: 0.00000 / MODE: random
EPISODE:      5 / TIMESTEP:     5817 / DURATION:  1011 / EPSILON: 1.00000 / TOTAL_REWARD: -21 / AVG_MAX_Q: 0.0749 / AVG_LOSS: 0.00000 / MODE: random
EPISODE:      6 / TIMESTEP:     7145 / DURATION:  1328 / EPSILON: 1.00000 / TOTAL_REWARD: -20 / AVG_MAX_Q: 0.1081 / AVG_LOSS: 0.00000 / MODE: random
EPISODE:      7 / TIMESTEP:     8245 / DURATION:  1100 / EPSILON: 1.00000 / TOTAL_REWARD: -21 / AVG_MAX_Q: 0.0342 / AVG_LOSS: 0.00000 / MODE: random
EPISODE:      8 / TIMESTEP:     9310 / DURATION:  1065 / EPSILON: 1.00000 / TOTAL_REWARD: -21 / AVG_MAX_Q: 0.0799 / AVG_LOSS: 0.00000 / MODE: random
EPISODE:      9 / TIMESTEP:    10954 / DURATION:  1644 / EPSILON: 1.00000 / TOTAL_REWARD: -19 / AVG_MAX_Q: 0.1751 / AVG_LOSS: 0.00000 / MODE: random
EPISODE:     10 / TIMESTEP:    12077 / DURATION:  1123 / EPSILON: 1.00000 / TOTAL_REWARD: -20 / AVG_MAX_Q: 0.0755 / AVG_LOSS: 0.00000 / MODE: random
EPISODE:     11 / TIMESTEP:    13123 / DURATION:  1046 / EPSILON: 1.00000 / TOTAL_REWARD: -21 / AVG_MAX_Q: 0.0670 / AVG_LOSS: 0.00000 / MODE: random
EPISODE:     12 / TIMESTEP:    14409 / DURATION:  1286 / EPSILON: 1.00000 / TOTAL_REWARD: -20 / AVG_MAX_Q: 0.0689 / AVG_LOSS: 0.00000 / MODE: random
EPISODE:     13 / TIMESTEP:    15811 / DURATION:  1402 / EPSILON: 1.00000 / TOTAL_REWARD: -20 / AVG_MAX_Q: 0.1176 / AVG_LOSS: 0.00000 / MODE: random
EPISODE:     14 / TIMESTEP:    17122 / DURATION:  1311 / EPSILON: 1.00000 / TOTAL_REWARD: -20 / AVG_MAX_Q: 0.1152 / AVG_LOSS: 0.00000 / MODE: random
EPISODE:     15 / TIMESTEP:    18322 / DURATION:  1200 / EPSILON: 1.00000 / TOTAL_REWARD: -21 / AVG_MAX_Q: 0.0841 / AVG_LOSS: 0.00000 / MODE: random
EPISODE:     16 / TIMESTEP:    19664 / DURATION:  1342 / EPSILON: 1.00000 / TOTAL_REWARD: -21 / AVG_MAX_Q: 0.1497 / AVG_LOSS: 0.00000 / MODE: random
EPISODE:     17 / TIMESTEP:    20816 / DURATION:  1152 / EPSILON: 0.99926 / TOTAL_REWARD: -20 / AVG_MAX_Q: 0.0646 / AVG_LOSS: 0.00357 / MODE: explore
EPISODE:     18 / TIMESTEP:    22068 / DURATION:  1252 / EPSILON: 0.99814 / TOTAL_REWARD: -21 / AVG_MAX_Q: 0.1110 / AVG_LOSS: 0.00497 / MODE: explore
